2024-10-13T09:38:07+00:00 DEBUG POST: https://ads.tiktok.com/marketing_api/api/developer/app/create_auto_approve/

{"business_platform":"PROD","smb_id":"tt4b_woocommerce_670b94ff9141bhttplocalhostWoocommercewp-admin","smb_name":"PROD","redirect_url":"http:\/\/localhost\/Woocommerce\/wp-admin\/"}
 ajax: no
2024-10-13T09:38:07+00:00 DEBUG Tt4b_Mapi_Class::create_open_source_app: Response: 

HTTP/1.1 200 OK
Content-Type: application/json
X-Tt-Logid: 202410130938088D44E8E9C688CDA2E3EA,202410130938088D44E8E9C688CDA2E3EA
Strict-Transport-Security: max-age=31536000; includeSubDomains
Server-Timing: inner; dur=70
x-tt-trace-host: 018bd053b37785ca5d95b288dd7685a36582ffb352f9b58649586f2682835f55498c0dc74979018ff598fcbc2d8a399c76b798cdc3f4c4dfd896cb9cc8b0e4b75d588dccd8dd4726216750bbb3373198c897157b8102c591c1eaf6065c8590bcfc
x-tt-trace-id: 00-2410130938088D44E8E9C688CDA2E3EA-062DE5805F9761D0-00
Server: TLB
Content-Encoding: gzip
Date: Sun, 13 Oct 2024 09:38:09 GMT
Content-Length: 210
X-Cache: TCP_MISS from a113-171-10-148.deploy.akamaitechnologies.com (AkamaiGHost/11.6.5-0c617a4be13e71cac2c90d10d87ecf54) (-)
Connection: close
Vary: Accept-Encoding
x-tt-trace-tag: id=16;cdn-cache=miss;type=dyn
Server-Timing: cdn-cache; desc=MISS, edge; dur=2, origin; dur=135
X-Origin-Response-Time: 135,113.171.10.148
X-Akamai-Request-ID: 8258ede4

{"code":0,"msg":"ok","data":{"redirect_uri":"http:\/\/localhost\/Woocommerce\/wp-admin\/","external_data_key":"89b07456-2159-4bac-87c5-f7dba1b77098","app_id":"7425192243872399368","app_secret":"3773ee2b9a2152bc20cd59b9ec8b72d5884e08a1"}}

2024-10-13T10:07:58+00:00 DEBUG Tt4b_Pixel_Class::inject_view_content_event: hit ViewContent
2024-10-13T10:07:58+00:00 DEBUG Tt4b_Pixel_Class::inject_view_content_event: Missing option "access_token"
2024-10-13T10:08:57+00:00 DEBUG Tt4b_Pixel_Class::inject_view_content_event: hit ViewContent
2024-10-13T10:08:57+00:00 DEBUG Tt4b_Pixel_Class::inject_view_content_event: Missing option "access_token"
2024-10-13T10:10:05+00:00 DEBUG Tt4b_Pixel_Class::inject_view_content_event: hit ViewContent
2024-10-13T10:10:05+00:00 DEBUG Tt4b_Pixel_Class::inject_view_content_event: Missing option "access_token"
